<?xml version="1.0" encoding="UTF-8"?>
<!-- Generated by org.testng.reporters.JUnitXMLReporter -->
<testsuite ignored="2" hostname="DESKTOP-U7KGGEJ" failures="0" tests="2" name="Test" time="131.339" errors="0" timestamp="2023-01-03T12:21:40 IST">
  <testcase classname="com.assessment.SmallCase.Scripts.Flipkart" name="scenario1" time="7.144"/>
  <testcase classname="com.assessment.SmallCase.Scripts.FlipkartVSAmazon" name="scenario2" time="27.764"/>
  <testcase classname="com.assessment.SmallCase.GenLib.BaseClass" name="@AfterSuite configAs" time="0.0">
    <ignored/>
  </testcase> <!-- @AfterSuite configAs -->
  <testcase classname="com.assessment.SmallCase.GenLib.BaseClass" name="@BeforeSuite configBS" time="0.0">
    <ignored/>
  </testcase> <!-- @BeforeSuite configBS -->
</testsuite> <!-- Test -->
