<?xml version="1.0" encoding="UTF-8"?>
<testng-results ignored="2" total="4" passed="2" failed="0" skipped="0">
  <reporter-output>
  </reporter-output>
  <suite started-at="2023-01-03T12:19:28 IST" name="Suite" finished-at="2023-01-03T12:21:40 IST" duration-ms="131339">
    <groups>
    </groups>
    <test started-at="2023-01-03T12:19:28 IST" name="Test" finished-at="2023-01-03T12:21:40 IST" duration-ms="131339">
      <class name="com.assessment.SmallCase.Scripts.Flipkart">
        <test-method is-config="true" signature="configBS()[pri:0, instance:com.assessment.SmallCase.Scripts.Flipkart@e15b7e8]" started-at="2023-01-03T12:19:28 IST" name="configBS" finished-at="2023-01-03T12:19:28 IST" duration-ms="187" status="PASS">
          <reporter-output>
          </reporter-output>
        </test-method> <!-- configBS -->
        <test-method is-config="true" signature="openApp()[pri:0, instance:com.assessment.SmallCase.Scripts.Flipkart@e15b7e8]" started-at="2023-01-03T12:19:28 IST" name="openApp" finished-at="2023-01-03T12:20:17 IST" duration-ms="48663" status="PASS">
          <reporter-output>
          </reporter-output>
        </test-method> <!-- openApp -->
        <test-method signature="scenario1()[pri:0, instance:com.assessment.SmallCase.Scripts.Flipkart@e15b7e8]" started-at="2023-01-03T12:20:17 IST" name="scenario1" finished-at="2023-01-03T12:20:24 IST" duration-ms="7144" status="PASS">
          <reporter-output>
          </reporter-output>
        </test-method> <!-- scenario1 -->
        <test-method is-config="true" signature="closeApp(org.testng.ITestResult)[pri:0, instance:com.assessment.SmallCase.Scripts.Flipkart@e15b7e8]" started-at="2023-01-03T12:20:24 IST" name="closeApp" finished-at="2023-01-03T12:20:24 IST" duration-ms="413" status="PASS">
          <params>
            <param index="0">
              <value>
                <![CDATA[[TestResult name=scenario1 status=SUCCESS method=Flipkart.scenario1()[pri:0, instance:com.assessment.SmallCase.Scripts.Flipkart@e15b7e8] output={null}]]]>
              </value>
            </param>
          </params>
          <reporter-output>
          </reporter-output>
        </test-method> <!-- closeApp -->
        <test-method is-config="true" signature="configAs()[pri:0, instance:com.assessment.SmallCase.Scripts.Flipkart@e15b7e8]" started-at="2023-01-03T12:21:40 IST" name="configAs" finished-at="2023-01-03T12:21:40 IST" duration-ms="375" status="PASS">
          <reporter-output>
          </reporter-output>
        </test-method> <!-- configAs -->
      </class> <!-- com.assessment.SmallCase.Scripts.Flipkart -->
      <class name="com.assessment.SmallCase.Scripts.FlipkartVSAmazon">
        <test-method is-config="true" signature="openApp()[pri:0, instance:com.assessment.SmallCase.Scripts.FlipkartVSAmazon@485966cc]" started-at="2023-01-03T12:20:24 IST" name="openApp" finished-at="2023-01-03T12:21:11 IST" duration-ms="46596" status="PASS">
          <reporter-output>
          </reporter-output>
        </test-method> <!-- openApp -->
        <test-method signature="scenario2()[pri:0, instance:com.assessment.SmallCase.Scripts.FlipkartVSAmazon@485966cc]" started-at="2023-01-03T12:21:11 IST" name="scenario2" finished-at="2023-01-03T12:21:39 IST" duration-ms="27764" status="PASS">
          <reporter-output>
          </reporter-output>
        </test-method> <!-- scenario2 -->
        <test-method is-config="true" signature="closeApp(org.testng.ITestResult)[pri:0, instance:com.assessment.SmallCase.Scripts.FlipkartVSAmazon@485966cc]" started-at="2023-01-03T12:21:39 IST" name="closeApp" finished-at="2023-01-03T12:21:40 IST" duration-ms="713" status="PASS">
          <params>
            <param index="0">
              <value>
                <![CDATA[[TestResult name=scenario2 status=SUCCESS method=FlipkartVSAmazon.scenario2()[pri:0, instance:com.assessment.SmallCase.Scripts.FlipkartVSAmazon@485966cc] output={null}]]]>
              </value>
            </param>
          </params>
          <reporter-output>
          </reporter-output>
        </test-method> <!-- closeApp -->
      </class> <!-- com.assessment.SmallCase.Scripts.FlipkartVSAmazon -->
    </test> <!-- Test -->
  </suite> <!-- Suite -->
</testng-results>
